<?xml version="1.0" encoding="UTF-8"?>
<testsuite xmlns:xsi="http://www.w3.org/2001/XMLSchema-instance" xsi:noNamespaceSchemaLocation="https://maven.apache.org/surefire/maven-surefire-plugin/xsd/surefire-test-report.xsd" name="ScientificCalciTests" time="0.011" tests="4" errors="0" skipped="0" failures="0">
  <properties>
[...]
</properties>
  <testcase name="FactorialTesting" classname="ScientificCalciTests" time="0.003"/>
  <testcase name="logarithmicTesting" classname="ScientificCalciTests" time="0.003"/>
  <testcase name="SquarerootTesting" classname="ScientificCalciTests" time="0.003"/>
  <testcase name="powerTesting" classname="ScientificCalciTests" time="0.002"/>
</testsuite>